<?xml version="1.0" encoding="UTF-8"?>
<!-- Generated by org.testng.reporters.JUnitReportReporter -->
<testsuite skipped="0" hostname="DESKTOP-B2426KB" name="com.qa.dataprovider.Demo2" tests="4" failures="0" timestamp="2021-01-11T13:01:57 IST" time="0.011" errors="0">
  <testcase name="test2" time="0.001" classname="com.qa.dataprovider.Demo2"/>
  <system-out/>
  <testcase name="test1" time="0.006" classname="com.qa.dataprovider.Demo2"/>
  <system-out/>
  <testcase name="test1" time="0.001" classname="com.qa.dataprovider.Demo2"/>
  <system-out/>
  <testcase name="test2" time="0.003" classname="com.qa.dataprovider.Demo2"/>
  <system-out/>
</testsuite> <!-- com.qa.dataprovider.Demo2 -->
