<?xml version="1.0" encoding="UTF-8"?>
<!-- Generated by org.testng.reporters.JUnitReportReporter -->
<testsuite skipped="0" hostname="DESKTOP-B2426KB" name="com.qa.tests.RunSeleniumInDocker" tests="1" failures="0" timestamp="2021-04-29T22:11:55 IST" time="22.503" errors="0">
  <testcase name="runSeleniumInDocker" time="22.503" classname="com.qa.tests.RunSeleniumInDocker"/>
  <system-out/>
</testsuite> <!-- com.qa.tests.RunSeleniumInDocker -->
