<?xml version="1.0" encoding="UTF-8"?>
<!-- Generated by org.testng.reporters.JUnitReportReporter -->
<testsuite skipped="0" hostname="DESKTOP-B2426KB" name="com.qa.testNG.TestNGAnnotationConcept" tests="2" failures="0" timestamp="2021-03-04T13:18:05 IST" time="0.007" errors="0">
  <testcase name="test" time="0.006" classname="com.qa.testNG.TestNGAnnotationConcept"/>
  <system-out/>
  <testcase name="test1" time="0.001" classname="com.qa.testNG.TestNGAnnotationConcept"/>
  <system-out/>
</testsuite> <!-- com.qa.testNG.TestNGAnnotationConcept -->
