<?xml version="1.0" encoding="UTF-8"?>
<!-- Generated by org.testng.reporters.JUnitReportReporter -->
<testsuite skipped="0" hostname="DESKTOP-B2426KB" name="com.qa.dataprovider.DataProviderWithExcel" tests="6" failures="0" timestamp="2021-01-13T11:31:00 IST" time="0.012" errors="0">
  <testcase name="test2" time="0.001" classname="com.qa.dataprovider.DataProviderWithExcel"/>
  <system-out/>
  <testcase name="test2" time="0.002" classname="com.qa.dataprovider.DataProviderWithExcel"/>
  <system-out/>
  <testcase name="test2" time="0.001" classname="com.qa.dataprovider.DataProviderWithExcel"/>
  <system-out/>
  <testcase name="test1" time="0.002" classname="com.qa.dataprovider.DataProviderWithExcel"/>
  <system-out/>
  <testcase name="test1" time="0.005" classname="com.qa.dataprovider.DataProviderWithExcel"/>
  <system-out/>
  <testcase name="test1" time="0.001" classname="com.qa.dataprovider.DataProviderWithExcel"/>
  <system-out/>
</testsuite> <!-- com.qa.dataprovider.DataProviderWithExcel -->
