<?xml version="1.0" encoding="UTF-8"?>
<!-- Generated by org.testng.reporters.JUnitReportReporter -->
<testsuite skipped="0" hostname="DESKTOP-B2426KB" name="com.qa.dataprovider.Demo" tests="5" failures="0" timestamp="2021-02-09T21:29:03 IST" time="0.010" errors="0">
  <testcase name="test3" time="0.001" classname="com.qa.dataprovider.Demo"/>
  <system-out/>
  <testcase name="test4" time="0.001" classname="com.qa.dataprovider.Demo"/>
  <system-out/>
  <testcase name="test3" time="0.006" classname="com.qa.dataprovider.Demo"/>
  <system-out/>
  <testcase name="test4" time="0.001" classname="com.qa.dataprovider.Demo"/>
  <system-out/>
  <testcase name="test3" time="0.001" classname="com.qa.dataprovider.Demo"/>
  <system-out/>
</testsuite> <!-- com.qa.dataprovider.Demo -->
