<?xml version="1.0" encoding="UTF-8"?>
<!-- Generated by org.testng.reporters.JUnitReportReporter -->
<testsuite skipped="0" hostname="DESKTOP-B2426KB" name="com.qa.tests.OrangeHRMTest" tests="1" failures="0" timestamp="2021-01-11T15:34:34 IST" time="14.034" errors="0">
  <testcase name="doLoginLogout" time="14.034" classname="com.qa.tests.OrangeHRMTest"/>
  <system-out/>
</testsuite> <!-- com.qa.tests.OrangeHRMTest -->
